#
# A fatal error has been detected by the Java Runtime Environment:
#
#  EXCEPTION_ACCESS_VIOLATION (0xc0000005) at pc=0x000000006d2dc45b, pid=15132, tid=9396
#
# JRE version: 6.0_45-b06
# Java VM: Java HotSpot(TM) 64-Bit Server VM (20.45-b01 mixed mode windows-amd64 compressed oops)
# Problematic frame:
# C  [fontmanager.dll+0x3c45b]
#
# If you would like to submit a bug report, please visit:
#   http://java.sun.com/webapps/bugreport/crash.jsp
# The crash happened outside the Java Virtual Machine in native code.
# See problematic frame for where to report the bug.
#

---------------  T H R E A D  ---------------

Current thread (0x000000000892f000):  JavaThread "AWT-EventQueue-0" [_thread_in_native, id=9396, stack(0x0000000009b40000,0x0000000009c40000)]

siginfo: ExceptionCode=0xc0000005, reading address 0x000000000b331781

Registers:
RAX=0x0000000009c3ae50, RBX=0x0000000009c3b050, RCX=0x000000000b331781, RDX=0x00000000ffffffff
RSP=0x0000000009c3adc0, RBP=0x0000000000000026, RSI=0x0000000009c3b7b0, RDI=0x000000000b331781
R8 =0x0000000000000000, R9 =0x0000000009c3b7b0, R10=0x0000000000000000, R11=0x0000000000000008
R12=0x0000000000000009, R13=0x0000000009c3b320, R14=0x0000000009c3b784, R15=0x0000000000000026
RIP=0x000000006d2dc45b, EFLAGS=0x0000000000010246

Top of Stack: (sp=0x0000000009c3adc0)
0x0000000009c3adc0:   0000000009c3b7b0 0000000047504f53
0x0000000009c3add0:   0000000009c3ae68 0000000000000000
0x0000000009c3ade0:   0000000000000000 0000000009c3b320
0x0000000009c3adf0:   0000000009c3b7b0 000000000b3217fe
0x0000000009c3ae00:   0000000009c3b050 000000006d2dc5b0
0x0000000009c3ae10:   0000000000000000 000000070095eb50
0x0000000009c3ae20:   0000000000000000 0000000009c3ae78
0x0000000009c3ae30:   0000000009c3ae50 00000000028d593f
0x0000000009c3ae40:   0000000000000000 0000000000000000
0x0000000009c3ae50:   0000000000000000 0000000000000000
0x0000000009c3ae60:   00000000ffffffff 0000000009c3b7b0
0x0000000009c3ae70:   0000000047504f53 0000000009c3b050
0x0000000009c3ae80:   000000000b3217fe 000000000000e7f4
0x0000000009c3ae90:   0000000000000000 0000000700682c68
0x0000000009c3aea0:   0000000009c3b7b0 0000000047535542
0x0000000009c3aeb0:   0000000009c3af30 000000000b2e7f41 

Instructions: (pc=0x000000006d2dc45b)
0x000000006d2dc43b:   5f 5e 5d 5b c3 48 53 55 56 57 48 83 ec 28 45 85
0x000000006d2dc44b:   c0 8b ea 49 8b f1 ba ff ff ff ff 48 8b f9 78 6b
0x000000006d2dc45b:   44 0f b7 19 41 0f b7 c3 66 41 c1 e3 08 66 c1 e8
0x000000006d2dc46b:   08 44 0f b6 d0 41 0f b7 c3 44 0b d0 45 3b c2 7d 


Register to memory mapping:

RAX=0x0000000009c3ae50 is pointing into the stack for thread: 0x000000000892f000
RBX=0x0000000009c3b050 is pointing into the stack for thread: 0x000000000892f000
RCX=0x000000000b331781 is an unknown value
RDX=0x00000000ffffffff is an unknown value
RSP=0x0000000009c3adc0 is pointing into the stack for thread: 0x000000000892f000
RBP=0x0000000000000026 is an unknown value
RSI=0x0000000009c3b7b0 is pointing into the stack for thread: 0x000000000892f000
RDI=0x000000000b331781 is an unknown value
R8 =0x0000000000000000 is an unknown value
R9 =0x0000000009c3b7b0 is pointing into the stack for thread: 0x000000000892f000
R10=0x0000000000000000 is an unknown value
R11=0x0000000000000008 is an unknown value
R12=0x0000000000000009 is an unknown value
R13=0x0000000009c3b320 is pointing into the stack for thread: 0x000000000892f000
R14=0x0000000009c3b784 is pointing into the stack for thread: 0x000000000892f000
R15=0x0000000000000026 is an unknown value


Stack: [0x0000000009b40000,0x0000000009c40000],  sp=0x0000000009c3adc0,  free space=1003k
Native frames: (J=compiled Java code, j=interpreted, Vv=VM code, C=native code)
C  [fontmanager.dll+0x3c45b]  Java_sun_font_FileFontStrike__1getGlyphImageFromWindows+0xf1fb

Java frames: (J=compiled Java code, j=interpreted, Vv=VM code)
j  sun.font.SunLayoutEngine.nativeLayout(Lsun/font/Font2D;Lsun/font/FontStrike;[FII[CIIIIIIILjava/awt/geom/Point2D$Float;Lsun/font/GlyphLayout$GVData;)V+0
j  sun.font.SunLayoutEngine.layout(Lsun/font/FontStrikeDesc;[FIILsun/font/TextRecord;ILjava/awt/geom/Point2D$Float;Lsun/font/GlyphLayout$GVData;)V+70
j  sun.font.GlyphLayout$EngineRecord.layout()V+95
j  sun.font.GlyphLayout.layout(Ljava/awt/Font;Ljava/awt/font/FontRenderContext;[CIIILsun/font/StandardGlyphVector;)Lsun/font/StandardGlyphVector;+541
j  sun.font.ExtendedTextSourceLabel.createGV()Lsun/font/StandardGlyphVector;+63
j  sun.font.ExtendedTextSourceLabel.getGV()Lsun/font/StandardGlyphVector;+9
j  sun.font.ExtendedTextSourceLabel.createLogicalBounds()Ljava/awt/geom/Rectangle2D;+1
j  sun.font.ExtendedTextSourceLabel.getAdvance()F+9
j  java.awt.font.TextLine.init()V+626
j  java.awt.font.TextLine.<init>(Ljava/awt/font/FontRenderContext;[Lsun/font/TextLineComponent;[F[CII[I[BZ)V+79
j  java.awt.font.TextLine.fastCreateTextLine(Ljava/awt/font/FontRenderContext;[CLjava/awt/Font;Lsun/font/CoreMetrics;Ljava/util/Map;)Ljava/awt/font/TextLine;+337
j  java.awt.font.TextLayout.fastInit([CLjava/awt/Font;Ljava/util/Map;Ljava/awt/font/FontRenderContext;)V+83
j  java.awt.font.TextLayout.<init>(Ljava/lang/String;Ljava/awt/Font;Ljava/awt/font/FontRenderContext;)V+124
j  com.cburch.draw.util.EditableLabel.computeDimensions(Ljava/awt/Graphics;Ljava/awt/Font;Ljava/awt/FontMetrics;)V+102
j  com.cburch.draw.util.EditableLabel.paint(Ljava/awt/Graphics;)V+25
j  com.cburch.draw.shapes.Text.paint(Ljava/awt/Graphics;Lcom/cburch/draw/model/HandleGesture;)V+5
j  com.cburch.logisim.circuit.appear.CircuitAppearance.paintSubcircuit(Ljava/awt/Graphics;Lcom/cburch/logisim/data/Direction;)V+107
j  com.cburch.logisim.circuit.SubcircuitFactory.paintBase(Lcom/cburch/logisim/instance/InstancePainter;Ljava/awt/Graphics;)V+56
j  com.cburch.logisim.circuit.SubcircuitFactory.paintInstance(Lcom/cburch/logisim/instance/InstancePainter;)V+6
j  com.cburch.logisim.instance.InstanceComponent.draw(Lcom/cburch/logisim/comp/ComponentDrawContext;)V+15
j  com.cburch.logisim.circuit.Circuit.draw(Lcom/cburch/logisim/comp/ComponentDrawContext;Ljava/util/Collection;)V+87
j  com.cburch.logisim.gui.main.CanvasPainter.drawWithUserState(Ljava/awt/Graphics;Ljava/awt/Graphics;Lcom/cburch/logisim/proj/Project;)V+290
j  com.cburch.logisim.gui.main.CanvasPainter.paintContents(Ljava/awt/Graphics;Lcom/cburch/logisim/proj/Project;)V+137
j  com.cburch.logisim.gui.main.Canvas.paintComponent(Ljava/awt/Graphics;)V+19
j  javax.swing.JComponent.paint(Ljava/awt/Graphics;)V+290
j  javax.swing.JComponent.paintChildren(Ljava/awt/Graphics;)V+512
j  com.cburch.logisim.gui.main.Canvas$MyViewport.paintChildren(Ljava/awt/Graphics;)V+2
j  javax.swing.JComponent.paint(Ljava/awt/Graphics;)V+322
j  javax.swing.JViewport.paint(Ljava/awt/Graphics;)V+205
j  javax.swing.JComponent.paintChildren(Ljava/awt/Graphics;)V+512
j  javax.swing.JComponent.paint(Ljava/awt/Graphics;)V+322
j  javax.swing.JComponent.paintChildren(Ljava/awt/Graphics;)V+512
j  javax.swing.JComponent.paint(Ljava/awt/Graphics;)V+322
j  javax.swing.JComponent.paintChildren(Ljava/awt/Graphics;)V+512
j  javax.swing.JComponent.paint(Ljava/awt/Graphics;)V+322
j  javax.swing.JComponent.paintChildren(Ljava/awt/Graphics;)V+512
j  javax.swing.JComponent.paint(Ljava/awt/Graphics;)V+322
j  javax.swing.JComponent.paintChildren(Ljava/awt/Graphics;)V+512
j  javax.swing.JComponent.paint(Ljava/awt/Graphics;)V+322
j  javax.swing.JComponent.paintChildren(Ljava/awt/Graphics;)V+512
j  javax.swing.JComponent.paint(Ljava/awt/Graphics;)V+322
j  javax.swing.JLayeredPane.paint(Ljava/awt/Graphics;)V+73
j  javax.swing.JComponent.paintChildren(Ljava/awt/Graphics;)V+512
j  javax.swing.JComponent.paintToOffscreen(Ljava/awt/Graphics;IIIIII)V+72
j  javax.swing.RepaintManager$PaintManager.paintDoubleBuffered(Ljavax/swing/JComponent;Ljava/awt/Image;Ljava/awt/Graphics;IIII)V+105
j  javax.swing.RepaintManager$PaintManager.paint(Ljavax/swing/JComponent;Ljavax/swing/JComponent;Ljava/awt/Graphics;IIII)Z+116
j  javax.swing.RepaintManager.paint(Ljavax/swing/JComponent;Ljavax/swing/JComponent;Ljava/awt/Graphics;IIII)V+52
j  javax.swing.JComponent.paint(Ljava/awt/Graphics;)V+225
j  java.awt.GraphicsCallback$PaintCallback.run(Ljava/awt/Component;Ljava/awt/Graphics;)V+2
j  sun.awt.SunGraphicsCallback.runOneComponent(Ljava/awt/Component;Ljava/awt/Rectangle;Ljava/awt/Graphics;Ljava/awt/Shape;I)V+155
j  sun.awt.SunGraphicsCallback.runComponents([Ljava/awt/Component;Ljava/awt/Graphics;I)V+104
j  java.awt.Container.paint(Ljava/awt/Graphics;)V+73
j  java.awt.Window.paint(Ljava/awt/Graphics;)V+72
j  javax.swing.RepaintManager$3.run()Ljava/lang/Void;+136
j  javax.swing.RepaintManager$3.run()Ljava/lang/Object;+1
v  ~StubRoutines::call_stub
j  java.security.AccessController.doPrivileged(Ljava/security/PrivilegedAction;Ljava/security/AccessControlContext;)Ljava/lang/Object;+0
j  java.security.AccessControlContext$1.doIntersectionPrivilege(Ljava/security/PrivilegedAction;Ljava/security/AccessControlContext;Ljava/security/AccessControlContext;)Ljava/lang/Object;+28
j  javax.swing.RepaintManager.paintDirtyRegions(Ljava/util/Map;)V+154
j  javax.swing.RepaintManager.paintDirtyRegions()V+46
j  javax.swing.RepaintManager.prePaintDirtyRegions()V+73
j  javax.swing.RepaintManager.access$1000(Ljavax/swing/RepaintManager;)V+1
j  javax.swing.RepaintManager$ProcessingRunnable.run()V+37
j  java.awt.event.InvocationEvent.dispatch()V+47
j  java.awt.EventQueue.dispatchEventImpl(Ljava/awt/AWTEvent;Ljava/lang/Object;)V+21
j  java.awt.EventQueue.access$400(Ljava/awt/EventQueue;Ljava/awt/AWTEvent;Ljava/lang/Object;)V+3
j  java.awt.EventQueue$2.run()Ljava/lang/Void;+12
j  java.awt.EventQueue$2.run()Ljava/lang/Object;+1
v  ~StubRoutines::call_stub
j  java.security.AccessController.doPrivileged(Ljava/security/PrivilegedAction;Ljava/security/AccessControlContext;)Ljava/lang/Object;+0
j  java.security.AccessControlContext$1.doIntersectionPrivilege(Ljava/security/PrivilegedAction;Ljava/security/AccessControlContext;Ljava/security/AccessControlContext;)Ljava/lang/Object;+28
j  java.awt.EventQueue.dispatchEvent(Ljava/awt/AWTEvent;)V+46
j  java.awt.EventDispatchThread.pumpOneEventForFilters(I)Z+204
j  java.awt.EventDispatchThread.pumpEventsForFilter(ILjava/awt/Conditional;Ljava/awt/EventFilter;)V+30
j  java.awt.EventDispatchThread.pumpEventsForHierarchy(ILjava/awt/Conditional;Ljava/awt/Component;)V+11
j  java.awt.EventDispatchThread.pumpEvents(ILjava/awt/Conditional;)V+4
j  java.awt.EventDispatchThread.pumpEvents(Ljava/awt/Conditional;)V+3
j  java.awt.EventDispatchThread.run()V+9
v  ~StubRoutines::call_stub

---------------  P R O C E S S  ---------------

Java Threads: ( => current thread )
  0x000000000a72e800 JavaThread "Image Fetcher 2" daemon [_thread_blocked, id=1464, stack(0x000000000c6c0000,0x000000000c7c0000)]
  0x000000000a72d000 JavaThread "Thread-8" [_thread_blocked, id=2596, stack(0x000000000c5c0000,0x000000000c6c0000)]
  0x000000000a72d800 JavaThread "Image Fetcher 3" daemon [_thread_blocked, id=12316, stack(0x000000000c4c0000,0x000000000c5c0000)]
  0x000000000a72c800 JavaThread "DestroyJavaVM" [_thread_blocked, id=2696, stack(0x00000000026d0000,0x00000000027d0000)]
  0x000000000a72b800 JavaThread "Thread-7" [_thread_blocked, id=12916, stack(0x000000000c3c0000,0x000000000c4c0000)]
  0x000000000a72b000 JavaThread "Thread-6" [_thread_in_vm, id=352, stack(0x0000000009610000,0x0000000009710000)]
  0x0000000008cbd000 JavaThread "Swing-Shell" daemon [_thread_blocked, id=15108, stack(0x0000000009720000,0x0000000009820000)]
  0x000000000a2fc800 JavaThread "TimerQueue" daemon [_thread_blocked, id=15692, stack(0x0000000009500000,0x0000000009600000)]
=>0x000000000892f000 JavaThread "AWT-EventQueue-0" [_thread_in_native, id=9396, stack(0x0000000009b40000,0x0000000009c40000)]
  0x0000000008146000 JavaThread "AWT-Windows" daemon [_thread_in_native, id=6480, stack(0x0000000009150000,0x0000000009250000)]
  0x00000000081ab800 JavaThread "AWT-Shutdown" [_thread_blocked, id=21852, stack(0x0000000009050000,0x0000000009150000)]
  0x00000000088d8800 JavaThread "Java2D Disposer" daemon [_thread_blocked, id=15536, stack(0x0000000008f50000,0x0000000009050000)]
  0x0000000008011000 JavaThread "Thread-0" daemon [_thread_blocked, id=10888, stack(0x00000000087c0000,0x00000000088c0000)]
  0x00000000028bd000 JavaThread "Low Memory Detector" daemon [_thread_blocked, id=13016, stack(0x00000000085c0000,0x00000000086c0000)]
  0x00000000028bc800 JavaThread "C2 CompilerThread1" daemon [_thread_in_native, id=5580, stack(0x00000000084c0000,0x00000000085c0000)]
  0x00000000028b7800 JavaThread "C2 CompilerThread0" daemon [_thread_in_native, id=17692, stack(0x00000000083c0000,0x00000000084c0000)]
  0x0000000007fe1000 JavaThread "Attach Listener" daemon [_thread_blocked, id=10104, stack(0x00000000082c0000,0x00000000083c0000)]
  0x0000000007fe0800 JavaThread "Signal Dispatcher" daemon [_thread_blocked, id=9292, stack(0x00000000081c0000,0x00000000082c0000)]
  0x000000000289e800 JavaThread "Finalizer" daemon [_thread_blocked, id=4696, stack(0x0000000007ec0000,0x0000000007fc0000)]
  0x0000000002899800 JavaThread "Reference Handler" daemon [_thread_blocked, id=16460, stack(0x0000000007dc0000,0x0000000007ec0000)]

Other Threads:
  0x0000000002890800 VMThread [stack: 0x0000000007cc0000,0x0000000007dc0000] [id=17748]
  0x00000000028c4000 WatcherThread [stack: 0x00000000086c0000,0x00000000087c0000] [id=16652]

VM state:not at safepoint (normal execution)

VM Mutex/Monitor currently owned by a thread: None

Heap
 PSYoungGen      total 74944K, used 60981K [0x00000007ac600000, 0x00000007b19a0000, 0x0000000800000000)
  eden space 64256K, 83% used [0x00000007ac600000,0x00000007afa39730,0x00000007b04c0000)
  from space 10688K, 70% used [0x00000007b04c0000,0x00000007b0c13ce0,0x00000007b0f30000)
  to   space 10688K, 0% used [0x00000007b0f30000,0x00000007b0f30000,0x00000007b19a0000)
 PSOldGen        total 171264K, used 0K [0x0000000705200000, 0x000000070f940000, 0x00000007ac600000)
  object space 171264K, 0% used [0x0000000705200000,0x0000000705200000,0x000000070f940000)
 PSPermGen       total 22976K, used 22958K [0x0000000700000000, 0x0000000701670000, 0x0000000705200000)
  object space 22976K, 99% used [0x0000000700000000,0x000000070166b928,0x0000000701670000)

Code Cache  [0x00000000028d0000, 0x0000000002b40000, 0x00000000058d0000)
 total_blobs=885 nmethods=417 adapters=421 free_code_cache=48524544 largest_free_block=8064

Dynamic libraries:
0x0000000000400000 - 0x000000000042f000 	C:\Program Files\Java\jre6\bin\javaw.exe
0x00007ffbef020000 - 0x00007ffbef229000 	C:\Windows\SYSTEM32\ntdll.dll
0x00007ffbed1d0000 - 0x00007ffbed28d000 	C:\Windows\System32\KERNEL32.DLL
0x00007ffbecae0000 - 0x00007ffbece64000 	C:\Windows\System32\KERNELBASE.dll
0x00007ffbedf70000 - 0x00007ffbee01e000 	C:\Windows\System32\ADVAPI32.dll
0x00007ffbed930000 - 0x00007ffbed9d3000 	C:\Windows\System32\msvcrt.dll
0x00007ffbedea0000 - 0x00007ffbedf3e000 	C:\Windows\System32\sechost.dll
0x00007ffbed0a0000 - 0x00007ffbed1c1000 	C:\Windows\System32\RPCRT4.dll
0x00007ffbecef0000 - 0x00007ffbed09d000 	C:\Windows\System32\USER32.dll
0x00007ffbec760000 - 0x00007ffbec786000 	C:\Windows\System32\win32u.dll
0x00007ffbeef10000 - 0x00007ffbeef3a000 	C:\Windows\System32\GDI32.dll
0x00007ffbec9c0000 - 0x00007ffbecade000 	C:\Windows\System32\gdi32full.dll
0x00007ffbec650000 - 0x00007ffbec6ed000 	C:\Windows\System32\msvcp_win.dll
0x00007ffbec530000 - 0x00007ffbec641000 	C:\Windows\System32\ucrtbase.dll
0x00007ffbeed20000 - 0x00007ffbeed51000 	C:\Windows\System32\IMM32.DLL
0x000000006d830000 - 0x000000006dfec000 	C:\Program Files\Java\jre6\bin\server\jvm.dll
0x00007ffbe3770000 - 0x00007ffbe37a3000 	C:\Windows\SYSTEM32\WINMM.dll
0x000000006d7a0000 - 0x000000006d7ae000 	C:\Program Files\Java\jre6\bin\verify.dll
0x000000006d3c0000 - 0x000000006d3e7000 	C:\Program Files\Java\jre6\bin\java.dll
0x000000006d7f0000 - 0x000000006d802000 	C:\Program Files\Java\jre6\bin\zip.dll
0x000000006d000000 - 0x000000006d1c4000 	C:\Program Files\Java\jre6\bin\awt.dll
0x00007ffbee020000 - 0x00007ffbee1ba000 	C:\Windows\System32\ole32.dll
0x00007ffbedac0000 - 0x00007ffbede36000 	C:\Windows\System32\combase.dll
0x00007ffbee2b0000 - 0x00007ffbeea75000 	C:\Windows\System32\SHELL32.dll
0x00007ffbbd780000 - 0x00007ffbbd821000 	C:\Windows\SYSTEM32\WINSPOOL.DRV
0x00007ffbee1c0000 - 0x00007ffbee2aa000 	C:\Windows\System32\shcore.dll
0x00007ffbbe900000 - 0x00007ffbbeba5000 	C:\Windows\WinSxS\amd64_microsoft.windows.common-controls_6595b64144ccf1df_6.0.22000.120_none_9d947278b86cc467\COMCTL32.dll
0x00007ffbe6e10000 - 0x00007ffbe6ea2000 	C:\Windows\SYSTEM32\apphelp.dll
0x00007ffbe9920000 - 0x00007ffbe994f000 	C:\Windows\system32\DWMAPI.DLL
0x00007ffbe6f90000 - 0x00007ffbe703c000 	C:\Windows\system32\uxtheme.dll
0x00007ffbeed60000 - 0x00007ffbeee7d000 	C:\Windows\System32\MSCTF.dll
0x00007ffbeb4e0000 - 0x00007ffbeb4f8000 	C:\Windows\SYSTEM32\kernel.appcore.dll
0x00007ffbec4b0000 - 0x00007ffbec52f000 	C:\Windows\System32\bcryptPrimitives.dll
0x00007ffbeda60000 - 0x00007ffbedabd000 	C:\Windows\System32\SHLWAPI.dll
0x000000006d2a0000 - 0x000000006d315000 	C:\Program Files\Java\jre6\bin\fontmanager.dll
0x000000006d620000 - 0x000000006d637000 	C:\Program Files\Java\jre6\bin\net.dll
0x00007ffbeef70000 - 0x00007ffbeefdf000 	C:\Windows\System32\WS2_32.dll
0x00007ffbeb980000 - 0x00007ffbeb9e7000 	C:\Windows\system32\mswsock.dll
0x000000006d640000 - 0x000000006d64c000 	C:\Program Files\Java\jre6\bin\nio.dll
0x00007ffbeea80000 - 0x00007ffbeeb56000 	C:\Windows\System32\OLEAUT32.dll
0x00007ffbbd1f0000 - 0x00007ffbbd31c000 	C:\Windows\SYSTEM32\textinputframework.dll
0x000000006d210000 - 0x000000006d238000 	C:\Program Files\Java\jre6\bin\dcpr.dll
0x00007ffbbd640000 - 0x00007ffbbd6a9000 	C:\Windows\system32\Oleacc.dll
0x00007ffbe6b20000 - 0x00007ffbe6c51000 	C:\Windows\SYSTEM32\CoreMessaging.dll
0x00007ffbe3a40000 - 0x00007ffbe3dad000 	C:\Windows\SYSTEM32\CoreUIComponents.dll
0x00007ffbea3d0000 - 0x00007ffbea537000 	C:\Windows\SYSTEM32\wintypes.dll
0x00007ffbebb70000 - 0x00007ffbebb7c000 	C:\Windows\SYSTEM32\CRYPTBASE.DLL
0x00007ffbea540000 - 0x00007ffbeada2000 	C:\Windows\SYSTEM32\windows.storage.dll
0x00007ffbec0e0000 - 0x00007ffbec12c000 	C:\Windows\SYSTEM32\CFGMGR32.dll
0x00007ffbed780000 - 0x00007ffbed82f000 	C:\Windows\System32\clbcatq.dll
0x00007ffbe5160000 - 0x00007ffbe5257000 	C:\Windows\system32\propsys.dll
0x00007ffbec3e0000 - 0x00007ffbec405000 	C:\Windows\SYSTEM32\profapi.dll
0x00007ffba9a20000 - 0x00007ffba9a38000 	C:\Windows\system32\NetworkExplorer.dll
0x00007ffbe26d0000 - 0x00007ffbe287e000 	C:\Windows\SYSTEM32\WindowsCodecs.dll
0x00007ffbb0eb0000 - 0x00007ffbb0f16000 	C:\Windows\System32\thumbcache.dll
0x00007ffbe1f80000 - 0x00007ffbe2170000 	C:\Windows\System32\urlmon.dll
0x00007ffbeb110000 - 0x00007ffbeb11c000 	C:\Windows\System32\netutils.dll
0x00007ffbe1cc0000 - 0x00007ffbe1f7e000 	C:\Windows\System32\iertutil.dll
0x00007ffbe2570000 - 0x00007ffbe2599000 	C:\Windows\System32\srvcli.dll
0x00007ffbeb770000 - 0x00007ffbeb7b2000 	C:\Windows\System32\SspiCli.dll
0x00007ffbbb9b0000 - 0x00007ffbbb9cd000 	C:\Windows\SYSTEM32\MPR.dll
0x00007ffbe5eb0000 - 0x00007ffbe5edc000 	C:\Windows\System32\p9np.dll
0x00007ffbe5e20000 - 0x00007ffbe5e2c000 	C:\Windows\System32\drprov.dll
0x00007ffbd34f0000 - 0x00007ffbd350f000 	C:\Windows\System32\ntlanman.dll
0x00007ffbd2a50000 - 0x00007ffbd2a6e000 	C:\Windows\System32\davclnt.dll
0x00007ffbebcc0000 - 0x00007ffbebd24000 	C:\Windows\System32\WINSTA.dll
0x00007ffbe47a0000 - 0x00007ffbe47bb000 	C:\Windows\System32\wkscli.dll
0x00007ffbb60c0000 - 0x00007ffbb60d2000 	C:\Windows\SYSTEM32\cscapi.dll
0x00007ffb8ef00000 - 0x00007ffb8ef57000 	C:\Windows\System32\dlnashext.dll
0x00007ffbae950000 - 0x00007ffbae9be000 	C:\Windows\System32\PlayToDevice.dll
0x00007ffbac7d0000 - 0x00007ffbac7f1000 	C:\Windows\System32\DevDispItemProvider.dll
0x00007ffbb88b0000 - 0x00007ffbb88c2000 	C:\Windows\SYSTEM32\deviceassociation.dll
0x00007ffbe0970000 - 0x00007ffbe0a0b000 	C:\Windows\System32\MMDevApi.dll
0x00007ffbec130000 - 0x00007ffbec163000 	C:\Windows\System32\DEVOBJ.dll
0x00007ffb648a0000 - 0x00007ffb64942000 	C:\Windows\system32\wpdshext.dll
0x00007ffb9ce80000 - 0x00007ffb9d033000 	C:\Windows\WinSxS\amd64_microsoft.windows.gdiplus_6595b64144ccf1df_1.1.22000.2003_none_4c4fc4c1c574dc79\gdiplus.dll
0x00007ffba0f60000 - 0x00007ffba0ffe000 	C:\Windows\System32\PortableDeviceApi.dll
0x00007ffbed300000 - 0x00007ffbed772000 	C:\Windows\System32\SETUPAPI.dll
0x00007ffbec6f0000 - 0x00007ffbec757000 	C:\Windows\System32\WINTRUST.dll
0x00007ffbec850000 - 0x00007ffbec9b2000 	C:\Windows\System32\CRYPT32.dll
0x00007ffbebca0000 - 0x00007ffbebcb2000 	C:\Windows\SYSTEM32\MSASN1.dll
0x00007ffbb14b0000 - 0x00007ffbb14e7000 	C:\Windows\System32\EhStorShell.dll
0x00007ffbbd3c0000 - 0x00007ffbbd3e5000 	C:\Windows\System32\EhStorAPI.dll
0x00007ffbe5370000 - 0x00007ffbe5384000 	C:\Windows\System32\WTSAPI32.dll
0x00007ffbe60a0000 - 0x00007ffbe60ac000 	C:\Windows\SYSTEM32\Secur32.dll
0x00007ffbdbc80000 - 0x00007ffbdbc99000 	C:\Windows\SYSTEM32\samcli.dll
0x00007ffbe5320000 - 0x00007ffbe5348000 	C:\Windows\SYSTEM32\SAMLIB.dll
0x00007ffbb6270000 - 0x00007ffbb62cd000 	C:\Windows\system32\dataexchange.dll
0x00007ffbe1600000 - 0x00007ffbe1865000 	C:\Windows\system32\twinapi.appcore.dll
0x00007ffbed920000 - 0x00007ffbed928000 	C:\Windows\System32\PSAPI.DLL

VM Arguments:
java_command: C:\Logisim\logisim-win-2.7.1.exe C:\Users\Mauro\workspace\Proyecto-SMIPS-2024-2025\Inst_Ex_Components\CPU(S-MIPS).circ
Launcher Type: SUN_STANDARD

Environment Variables:
PATH=C:\Windows\system32;C:\Windows;C:\Windows\System32\Wbem;C:\Windows\System32\WindowsPowerShell\v1.0\;C:\Windows\System32\OpenSSH\;C:\Program Files\dotnet\;C:\Program Files\Git\cmd;C:\Program Files\Go\bin;C:\Program Files\WireGuard\;C:\Program Files\mingw64\bin;C:\Program Files\Docker\Docker\resources\bin;C:\Users\Mauro\AppData\Local\Programs\Python\Python313;C:\Users\Mauro\AppData\Local\Programs\Python\Python313\Scripts;C:\Users\Mauro\.console-ninja\.bin;C:\Users\Mauro\AppData\Local\Programs\Python\Python313\Scripts\;C:\Users\Mauro\AppData\Local\Programs\Python\Python313\;C:\Users\Mauro\AppData\Local\Microsoft\WindowsApps;C:\Users\Mauro\AppData\Local\Programs\Microsoft VS Code\bin;C:\Users\Mauro\.dotnet\tools;C:\Users\Mauro\AppData\Local\GitHubDesktop\bin;C:\msys64\ucrt64\bin;C:\msys64;C:\Users\Mauro\go\bin;C:\Users\Mauro\AppData\Local\Programs\MiKTeX\miktex\bin\x64\;C:\Program Files\Java\jre6\bin
USERNAME=Mauro
OS=Windows_NT
PROCESSOR_IDENTIFIER=Intel64 Family 6 Model 154 Stepping 4, GenuineIntel



---------------  S Y S T E M  ---------------

OS: Windows 8 , 64 bit Build 9200 

CPU:total 12 (6 cores per cpu, 2 threads per core) family 6 model 154 stepping 4, cmov, cx8, fxsr, mmx, sse, sse2, sse3, ssse3, sse4.1, sse4.2, popcnt, ht

Memory: 4k page, physical 16440692k(7733668k free), swap 18931060k(6641976k free)

vm_info: Java HotSpot(TM) 64-Bit Server VM (20.45-b01) for windows-amd64 JRE (1.6.0_45-b06), built on Apr  1 2013 12:31:37 by "java_re" with MS VC++ 8.0 (VS2005)

time: Sun Jan 26 20:07:59 2025
elapsed time: 21 seconds

