#
# A fatal error has been detected by the Java Runtime Environment:
#
#  EXCEPTION_ACCESS_VIOLATION (0xc0000005) at pc=0x000000006d2dc45b, pid=5612, tid=5996
#
# JRE version: 6.0_45-b06
# Java VM: Java HotSpot(TM) 64-Bit Server VM (20.45-b01 mixed mode windows-amd64 compressed oops)
# Problematic frame:
# C  [fontmanager.dll+0x3c45b]
#
# If you would like to submit a bug report, please visit:
#   http://java.sun.com/webapps/bugreport/crash.jsp
# The crash happened outside the Java Virtual Machine in native code.
# See problematic frame for where to report the bug.
#

---------------  T H R E A D  ---------------

Current thread (0x000000000809b000):  JavaThread "AWT-EventQueue-0" [_thread_in_native, id=5996, stack(0x0000000009b40000,0x0000000009c40000)]

siginfo: ExceptionCode=0xc0000005, reading address 0x000000000b0c5351

Registers:
RAX=0x0000000009c3ae50, RBX=0x0000000009c3b050, RCX=0x000000000b0c5351, RDX=0x00000000ffffffff
RSP=0x0000000009c3adc0, RBP=0x0000000000000026, RSI=0x0000000009c3b7b0, RDI=0x000000000b0c5351
R8 =0x0000000000000000, R9 =0x0000000009c3b7b0, R10=0x0000000000000000, R11=0x0000000000000008
R12=0x0000000000000009, R13=0x0000000009c3b320, R14=0x0000000009c3b784, R15=0x0000000000000026
RIP=0x000000006d2dc45b, EFLAGS=0x0000000000010246

Top of Stack: (sp=0x0000000009c3adc0)
0x0000000009c3adc0:   0000000009c3b7b0 0000000047504f53
0x0000000009c3add0:   0000000009c3ae68 0000000000000000
0x0000000009c3ade0:   0000000000000000 0000000009c3b320
0x0000000009c3adf0:   0000000009c3b7b0 000000000b0b53ce
0x0000000009c3ae00:   0000000009c3b050 000000006d2dc5b0
0x0000000009c3ae10:   0000000000000000 000000070095eb50
0x0000000009c3ae20:   0000000000000000 0000000009c3ae78
0x0000000009c3ae30:   0000000009c3ae50 000000000296593f
0x0000000009c3ae40:   0000000000000000 0000000000000000
0x0000000009c3ae50:   0000000000000000 0000000000000000
0x0000000009c3ae60:   00000000ffffffff 0000000009c3b7b0
0x0000000009c3ae70:   0000000047504f53 0000000009c3b050
0x0000000009c3ae80:   000000000b0b53ce 000000000000e7f4
0x0000000009c3ae90:   0000000000000000 0000000700682c68
0x0000000009c3aea0:   0000000009c3b7b0 0000000047535542
0x0000000009c3aeb0:   0000000009c3af30 000000000a518031 

Instructions: (pc=0x000000006d2dc45b)
0x000000006d2dc43b:   5f 5e 5d 5b c3 48 53 55 56 57 48 83 ec 28 45 85
0x000000006d2dc44b:   c0 8b ea 49 8b f1 ba ff ff ff ff 48 8b f9 78 6b
0x000000006d2dc45b:   44 0f b7 19 41 0f b7 c3 66 41 c1 e3 08 66 c1 e8
0x000000006d2dc46b:   08 44 0f b6 d0 41 0f b7 c3 44 0b d0 45 3b c2 7d 


Register to memory mapping:

RAX=0x0000000009c3ae50 is pointing into the stack for thread: 0x000000000809b000
RBX=0x0000000009c3b050 is pointing into the stack for thread: 0x000000000809b000
RCX=0x000000000b0c5351 is an unknown value
RDX=0x00000000ffffffff is an unknown value
RSP=0x0000000009c3adc0 is pointing into the stack for thread: 0x000000000809b000
RBP=0x0000000000000026 is an unknown value
RSI=0x0000000009c3b7b0 is pointing into the stack for thread: 0x000000000809b000
RDI=0x000000000b0c5351 is an unknown value
R8 =0x0000000000000000 is an unknown value
R9 =0x0000000009c3b7b0 is pointing into the stack for thread: 0x000000000809b000
R10=0x0000000000000000 is an unknown value
R11=0x0000000000000008 is an unknown value
R12=0x0000000000000009 is an unknown value
R13=0x0000000009c3b320 is pointing into the stack for thread: 0x000000000809b000
R14=0x0000000009c3b784 is pointing into the stack for thread: 0x000000000809b000
R15=0x0000000000000026 is an unknown value


Stack: [0x0000000009b40000,0x0000000009c40000],  sp=0x0000000009c3adc0,  free space=1003k
Native frames: (J=compiled Java code, j=interpreted, Vv=VM code, C=native code)
C  [fontmanager.dll+0x3c45b]  Java_sun_font_FileFontStrike__1getGlyphImageFromWindows+0xf1fb

Java frames: (J=compiled Java code, j=interpreted, Vv=VM code)
j  sun.font.SunLayoutEngine.nativeLayout(Lsun/font/Font2D;Lsun/font/FontStrike;[FII[CIIIIIIILjava/awt/geom/Point2D$Float;Lsun/font/GlyphLayout$GVData;)V+0
j  sun.font.SunLayoutEngine.layout(Lsun/font/FontStrikeDesc;[FIILsun/font/TextRecord;ILjava/awt/geom/Point2D$Float;Lsun/font/GlyphLayout$GVData;)V+70
j  sun.font.GlyphLayout$EngineRecord.layout()V+95
j  sun.font.GlyphLayout.layout(Ljava/awt/Font;Ljava/awt/font/FontRenderContext;[CIIILsun/font/StandardGlyphVector;)Lsun/font/StandardGlyphVector;+541
j  sun.font.ExtendedTextSourceLabel.createGV()Lsun/font/StandardGlyphVector;+63
j  sun.font.ExtendedTextSourceLabel.getGV()Lsun/font/StandardGlyphVector;+9
j  sun.font.ExtendedTextSourceLabel.createLogicalBounds()Ljava/awt/geom/Rectangle2D;+1
j  sun.font.ExtendedTextSourceLabel.getAdvance()F+9
j  java.awt.font.TextLine.init()V+626
j  java.awt.font.TextLine.<init>(Ljava/awt/font/FontRenderContext;[Lsun/font/TextLineComponent;[F[CII[I[BZ)V+79
j  java.awt.font.TextLine.fastCreateTextLine(Ljava/awt/font/FontRenderContext;[CLjava/awt/Font;Lsun/font/CoreMetrics;Ljava/util/Map;)Ljava/awt/font/TextLine;+337
j  java.awt.font.TextLayout.fastInit([CLjava/awt/Font;Ljava/util/Map;Ljava/awt/font/FontRenderContext;)V+83
j  java.awt.font.TextLayout.<init>(Ljava/lang/String;Ljava/awt/Font;Ljava/awt/font/FontRenderContext;)V+124
j  com.cburch.draw.util.EditableLabel.computeDimensions(Ljava/awt/Graphics;Ljava/awt/Font;Ljava/awt/FontMetrics;)V+102
j  com.cburch.draw.util.EditableLabel.paint(Ljava/awt/Graphics;)V+25
j  com.cburch.draw.shapes.Text.paint(Ljava/awt/Graphics;Lcom/cburch/draw/model/HandleGesture;)V+5
j  com.cburch.logisim.circuit.appear.CircuitAppearance.paintSubcircuit(Ljava/awt/Graphics;Lcom/cburch/logisim/data/Direction;)V+107
j  com.cburch.logisim.circuit.SubcircuitFactory.paintBase(Lcom/cburch/logisim/instance/InstancePainter;Ljava/awt/Graphics;)V+56
j  com.cburch.logisim.circuit.SubcircuitFactory.paintInstance(Lcom/cburch/logisim/instance/InstancePainter;)V+6
j  com.cburch.logisim.instance.InstanceComponent.draw(Lcom/cburch/logisim/comp/ComponentDrawContext;)V+15
j  com.cburch.logisim.circuit.Circuit.draw(Lcom/cburch/logisim/comp/ComponentDrawContext;Ljava/util/Collection;)V+87
j  com.cburch.logisim.gui.main.CanvasPainter.drawWithUserState(Ljava/awt/Graphics;Ljava/awt/Graphics;Lcom/cburch/logisim/proj/Project;)V+290
j  com.cburch.logisim.gui.main.CanvasPainter.paintContents(Ljava/awt/Graphics;Lcom/cburch/logisim/proj/Project;)V+137
j  com.cburch.logisim.gui.main.Canvas.paintComponent(Ljava/awt/Graphics;)V+19
j  javax.swing.JComponent.paint(Ljava/awt/Graphics;)V+290
j  javax.swing.JComponent.paintChildren(Ljava/awt/Graphics;)V+512
j  com.cburch.logisim.gui.main.Canvas$MyViewport.paintChildren(Ljava/awt/Graphics;)V+2
j  javax.swing.JComponent.paint(Ljava/awt/Graphics;)V+322
j  javax.swing.JViewport.paint(Ljava/awt/Graphics;)V+205
j  javax.swing.JComponent.paintChildren(Ljava/awt/Graphics;)V+512
j  javax.swing.JComponent.paint(Ljava/awt/Graphics;)V+322
j  javax.swing.JComponent.paintChildren(Ljava/awt/Graphics;)V+512
j  javax.swing.JComponent.paint(Ljava/awt/Graphics;)V+322
j  javax.swing.JComponent.paintChildren(Ljava/awt/Graphics;)V+512
j  javax.swing.JComponent.paint(Ljava/awt/Graphics;)V+322
j  javax.swing.JComponent.paintChildren(Ljava/awt/Graphics;)V+512
j  javax.swing.JComponent.paint(Ljava/awt/Graphics;)V+322
j  javax.swing.JComponent.paintChildren(Ljava/awt/Graphics;)V+512
j  javax.swing.JComponent.paint(Ljava/awt/Graphics;)V+322
j  javax.swing.JComponent.paintChildren(Ljava/awt/Graphics;)V+512
j  javax.swing.JComponent.paint(Ljava/awt/Graphics;)V+322
j  javax.swing.JLayeredPane.paint(Ljava/awt/Graphics;)V+73
j  javax.swing.JComponent.paintChildren(Ljava/awt/Graphics;)V+512
j  javax.swing.JComponent.paintToOffscreen(Ljava/awt/Graphics;IIIIII)V+72
j  javax.swing.RepaintManager$PaintManager.paintDoubleBuffered(Ljavax/swing/JComponent;Ljava/awt/Image;Ljava/awt/Graphics;IIII)V+105
j  javax.swing.RepaintManager$PaintManager.paint(Ljavax/swing/JComponent;Ljavax/swing/JComponent;Ljava/awt/Graphics;IIII)Z+116
j  javax.swing.RepaintManager.paint(Ljavax/swing/JComponent;Ljavax/swing/JComponent;Ljava/awt/Graphics;IIII)V+52
j  javax.swing.JComponent.paint(Ljava/awt/Graphics;)V+225
j  java.awt.GraphicsCallback$PaintCallback.run(Ljava/awt/Component;Ljava/awt/Graphics;)V+2
j  sun.awt.SunGraphicsCallback.runOneComponent(Ljava/awt/Component;Ljava/awt/Rectangle;Ljava/awt/Graphics;Ljava/awt/Shape;I)V+155
j  sun.awt.SunGraphicsCallback.runComponents([Ljava/awt/Component;Ljava/awt/Graphics;I)V+104
j  java.awt.Container.paint(Ljava/awt/Graphics;)V+73
j  java.awt.Window.paint(Ljava/awt/Graphics;)V+72
j  javax.swing.RepaintManager$3.run()Ljava/lang/Void;+136
j  javax.swing.RepaintManager$3.run()Ljava/lang/Object;+1
v  ~StubRoutines::call_stub
j  java.security.AccessController.doPrivileged(Ljava/security/PrivilegedAction;Ljava/security/AccessControlContext;)Ljava/lang/Object;+0
j  java.security.AccessControlContext$1.doIntersectionPrivilege(Ljava/security/PrivilegedAction;Ljava/security/AccessControlContext;Ljava/security/AccessControlContext;)Ljava/lang/Object;+28
j  javax.swing.RepaintManager.paintDirtyRegions(Ljava/util/Map;)V+154
j  javax.swing.RepaintManager.paintDirtyRegions()V+46
j  javax.swing.RepaintManager.prePaintDirtyRegions()V+73
j  javax.swing.RepaintManager.access$1000(Ljavax/swing/RepaintManager;)V+1
j  javax.swing.RepaintManager$ProcessingRunnable.run()V+37
j  java.awt.event.InvocationEvent.dispatch()V+47
j  java.awt.EventQueue.dispatchEventImpl(Ljava/awt/AWTEvent;Ljava/lang/Object;)V+21
j  java.awt.EventQueue.access$400(Ljava/awt/EventQueue;Ljava/awt/AWTEvent;Ljava/lang/Object;)V+3
j  java.awt.EventQueue$2.run()Ljava/lang/Void;+12
j  java.awt.EventQueue$2.run()Ljava/lang/Object;+1
v  ~StubRoutines::call_stub
j  java.security.AccessController.doPrivileged(Ljava/security/PrivilegedAction;Ljava/security/AccessControlContext;)Ljava/lang/Object;+0
j  java.security.AccessControlContext$1.doIntersectionPrivilege(Ljava/security/PrivilegedAction;Ljava/security/AccessControlContext;Ljava/security/AccessControlContext;)Ljava/lang/Object;+28
j  java.awt.EventQueue.dispatchEvent(Ljava/awt/AWTEvent;)V+46
j  java.awt.EventDispatchThread.pumpOneEventForFilters(I)Z+204
j  java.awt.EventDispatchThread.pumpEventsForFilter(ILjava/awt/Conditional;Ljava/awt/EventFilter;)V+30
j  java.awt.EventDispatchThread.pumpEventsForHierarchy(ILjava/awt/Conditional;Ljava/awt/Component;)V+11
j  java.awt.EventDispatchThread.pumpEvents(ILjava/awt/Conditional;)V+4
j  java.awt.EventDispatchThread.pumpEvents(Ljava/awt/Conditional;)V+3
j  java.awt.EventDispatchThread.run()V+9
v  ~StubRoutines::call_stub

---------------  P R O C E S S  ---------------

Java Threads: ( => current thread )
  0x0000000008c11800 JavaThread "TimerQueue" daemon [_thread_blocked, id=8468, stack(0x000000000d090000,0x000000000d190000)]
  0x0000000008c14000 JavaThread "Image Fetcher 2" daemon [_thread_blocked, id=22780, stack(0x000000000cf90000,0x000000000d090000)]
  0x0000000008095000 JavaThread "Thread-7" [_thread_blocked, id=20860, stack(0x000000000bcc0000,0x000000000bdc0000)]
  0x000000000809b800 JavaThread "DestroyJavaVM" [_thread_blocked, id=12052, stack(0x0000000002760000,0x0000000002860000)]
  0x0000000008096800 JavaThread "Thread-6" [_thread_blocked, id=9704, stack(0x000000000bbc0000,0x000000000bcc0000)]
  0x0000000008094800 JavaThread "Thread-5" [_thread_blocked, id=21444, stack(0x000000000bac0000,0x000000000bbc0000)]
  0x0000000008098000 JavaThread "Image Fetcher 3" daemon [_thread_blocked, id=19268, stack(0x0000000009d40000,0x0000000009e40000)]
=>0x000000000809b000 JavaThread "AWT-EventQueue-0" [_thread_in_native, id=5996, stack(0x0000000009b40000,0x0000000009c40000)]
  0x000000000809a000 JavaThread "AWT-Windows" daemon [_thread_in_native, id=23236, stack(0x0000000009150000,0x0000000009250000)]
  0x0000000008097800 JavaThread "AWT-Shutdown" [_thread_blocked, id=11436, stack(0x0000000009050000,0x0000000009150000)]
  0x0000000008099800 JavaThread "Java2D Disposer" daemon [_thread_blocked, id=14028, stack(0x0000000008eb0000,0x0000000008fb0000)]
  0x0000000008098800 JavaThread "Thread-0" daemon [_thread_blocked, id=11148, stack(0x0000000008840000,0x0000000008940000)]
  0x000000000294f800 JavaThread "Low Memory Detector" daemon [_thread_blocked, id=9524, stack(0x0000000008640000,0x0000000008740000)]
  0x000000000294e000 JavaThread "C2 CompilerThread1" daemon [_thread_blocked, id=4680, stack(0x0000000008540000,0x0000000008640000)]
  0x0000000002949800 JavaThread "C2 CompilerThread0" daemon [_thread_blocked, id=11304, stack(0x0000000008440000,0x0000000008540000)]
  0x0000000002948800 JavaThread "Attach Listener" daemon [_thread_blocked, id=18172, stack(0x0000000008340000,0x0000000008440000)]
  0x0000000008061000 JavaThread "Signal Dispatcher" daemon [_thread_blocked, id=1136, stack(0x0000000008240000,0x0000000008340000)]
  0x0000000002932800 JavaThread "Finalizer" daemon [_thread_blocked, id=11296, stack(0x0000000007f40000,0x0000000008040000)]
  0x000000000292a000 JavaThread "Reference Handler" daemon [_thread_blocked, id=18264, stack(0x0000000007e40000,0x0000000007f40000)]

Other Threads:
  0x0000000002921000 VMThread [stack: 0x0000000007d40000,0x0000000007e40000] [id=22880]
  0x000000000295c000 WatcherThread [stack: 0x0000000008740000,0x0000000008840000] [id=10268]

VM state:not at safepoint (normal execution)

VM Mutex/Monitor currently owned by a thread: None

Heap
 PSYoungGen      total 74944K, used 49967K [0x00000007ac600000, 0x00000007b19a0000, 0x0000000800000000)
  eden space 64256K, 77% used [0x00000007ac600000,0x00000007af6cbf90,0x00000007b04c0000)
  from space 10688K, 0% used [0x00000007b0f30000,0x00000007b0f30000,0x00000007b19a0000)
  to   space 10688K, 0% used [0x00000007b04c0000,0x00000007b04c0000,0x00000007b0f30000)
 PSOldGen        total 171264K, used 0K [0x0000000705200000, 0x000000070f940000, 0x00000007ac600000)
  object space 171264K, 0% used [0x0000000705200000,0x0000000705200000,0x000000070f940000)
 PSPermGen       total 21248K, used 20308K [0x0000000700000000, 0x00000007014c0000, 0x0000000705200000)
  object space 21248K, 95% used [0x0000000700000000,0x00000007013d5040,0x00000007014c0000)

Code Cache  [0x0000000002960000, 0x0000000002bd0000, 0x0000000005960000)
 total_blobs=630 nmethods=187 adapters=396 free_code_cache=49191808 largest_free_block=23936

Dynamic libraries:
0x0000000000400000 - 0x000000000042f000 	C:\Program Files\Java\jre6\bin\javaw.exe
0x00007ffbef020000 - 0x00007ffbef229000 	C:\Windows\SYSTEM32\ntdll.dll
0x00007ffbed1d0000 - 0x00007ffbed28d000 	C:\Windows\System32\KERNEL32.DLL
0x00007ffbecae0000 - 0x00007ffbece64000 	C:\Windows\System32\KERNELBASE.dll
0x00007ffbedf70000 - 0x00007ffbee01e000 	C:\Windows\System32\ADVAPI32.dll
0x00007ffbed930000 - 0x00007ffbed9d3000 	C:\Windows\System32\msvcrt.dll
0x00007ffbedea0000 - 0x00007ffbedf3e000 	C:\Windows\System32\sechost.dll
0x00007ffbed0a0000 - 0x00007ffbed1c1000 	C:\Windows\System32\RPCRT4.dll
0x00007ffbecef0000 - 0x00007ffbed09d000 	C:\Windows\System32\USER32.dll
0x00007ffbec760000 - 0x00007ffbec786000 	C:\Windows\System32\win32u.dll
0x00007ffbeef10000 - 0x00007ffbeef3a000 	C:\Windows\System32\GDI32.dll
0x00007ffbec9c0000 - 0x00007ffbecade000 	C:\Windows\System32\gdi32full.dll
0x00007ffbec650000 - 0x00007ffbec6ed000 	C:\Windows\System32\msvcp_win.dll
0x00007ffbec530000 - 0x00007ffbec641000 	C:\Windows\System32\ucrtbase.dll
0x00007ffbeed20000 - 0x00007ffbeed51000 	C:\Windows\System32\IMM32.DLL
0x000000006d830000 - 0x000000006dfec000 	C:\Program Files\Java\jre6\bin\server\jvm.dll
0x00007ffbe3770000 - 0x00007ffbe37a3000 	C:\Windows\SYSTEM32\WINMM.dll
0x000000006d7a0000 - 0x000000006d7ae000 	C:\Program Files\Java\jre6\bin\verify.dll
0x000000006d3c0000 - 0x000000006d3e7000 	C:\Program Files\Java\jre6\bin\java.dll
0x000000006d7f0000 - 0x000000006d802000 	C:\Program Files\Java\jre6\bin\zip.dll
0x000000006d000000 - 0x000000006d1c4000 	C:\Program Files\Java\jre6\bin\awt.dll
0x00007ffbee020000 - 0x00007ffbee1ba000 	C:\Windows\System32\ole32.dll
0x00007ffbedac0000 - 0x00007ffbede36000 	C:\Windows\System32\combase.dll
0x00007ffbee2b0000 - 0x00007ffbeea75000 	C:\Windows\System32\SHELL32.dll
0x00007ffbbd780000 - 0x00007ffbbd821000 	C:\Windows\SYSTEM32\WINSPOOL.DRV
0x00007ffbee1c0000 - 0x00007ffbee2aa000 	C:\Windows\System32\shcore.dll
0x00007ffbbe900000 - 0x00007ffbbeba5000 	C:\Windows\WinSxS\amd64_microsoft.windows.common-controls_6595b64144ccf1df_6.0.22000.120_none_9d947278b86cc467\COMCTL32.dll
0x00007ffbe6e10000 - 0x00007ffbe6ea2000 	C:\Windows\SYSTEM32\apphelp.dll
0x00007ffbe9920000 - 0x00007ffbe994f000 	C:\Windows\system32\DWMAPI.DLL
0x00007ffbe6f90000 - 0x00007ffbe703c000 	C:\Windows\system32\uxtheme.dll
0x00007ffbeed60000 - 0x00007ffbeee7d000 	C:\Windows\System32\MSCTF.dll
0x00007ffbeb4e0000 - 0x00007ffbeb4f8000 	C:\Windows\SYSTEM32\kernel.appcore.dll
0x00007ffbec4b0000 - 0x00007ffbec52f000 	C:\Windows\System32\bcryptPrimitives.dll
0x00007ffbeda60000 - 0x00007ffbedabd000 	C:\Windows\System32\SHLWAPI.dll
0x000000006d2a0000 - 0x000000006d315000 	C:\Program Files\Java\jre6\bin\fontmanager.dll
0x000000006d620000 - 0x000000006d637000 	C:\Program Files\Java\jre6\bin\net.dll
0x00007ffbeef70000 - 0x00007ffbeefdf000 	C:\Windows\System32\WS2_32.dll
0x00007ffbeb980000 - 0x00007ffbeb9e7000 	C:\Windows\system32\mswsock.dll
0x000000006d640000 - 0x000000006d64c000 	C:\Program Files\Java\jre6\bin\nio.dll
0x00007ffbeea80000 - 0x00007ffbeeb56000 	C:\Windows\System32\OLEAUT32.dll
0x00007ffbbd1f0000 - 0x00007ffbbd31c000 	C:\Windows\SYSTEM32\textinputframework.dll
0x000000006d210000 - 0x000000006d238000 	C:\Program Files\Java\jre6\bin\dcpr.dll
0x00007ffbed780000 - 0x00007ffbed82f000 	C:\Windows\System32\clbcatq.dll
0x00007ffbb6270000 - 0x00007ffbb62cd000 	C:\Windows\system32\dataexchange.dll
0x00007ffbe1600000 - 0x00007ffbe1865000 	C:\Windows\system32\twinapi.appcore.dll
0x00007ffbbd640000 - 0x00007ffbbd6a9000 	C:\Windows\system32\Oleacc.dll
0x00007ffbed920000 - 0x00007ffbed928000 	C:\Windows\System32\PSAPI.DLL

VM Arguments:
java_command: C:\Logisim\logisim-win-2.7.1.exe C:\Users\Mauro\workspace\Proyecto-SMIPS-2024-2025\s-mips.circ
Launcher Type: SUN_STANDARD

Environment Variables:
PATH=C:\Windows\system32;C:\Windows;C:\Windows\System32\Wbem;C:\Windows\System32\WindowsPowerShell\v1.0\;C:\Windows\System32\OpenSSH\;C:\Program Files\dotnet\;C:\Program Files\Git\cmd;C:\Program Files\Go\bin;C:\Program Files\WireGuard\;C:\Program Files\mingw64\bin;C:\Program Files\Docker\Docker\resources\bin;C:\Users\Mauro\AppData\Local\Programs\Python\Python313;C:\Users\Mauro\AppData\Local\Programs\Python\Python313\Scripts;C:\Users\Mauro\.console-ninja\.bin;C:\Users\Mauro\AppData\Local\Programs\Python\Python313\Scripts\;C:\Users\Mauro\AppData\Local\Programs\Python\Python313\;C:\Users\Mauro\AppData\Local\Microsoft\WindowsApps;C:\Users\Mauro\AppData\Local\Programs\Microsoft VS Code\bin;C:\Users\Mauro\.dotnet\tools;C:\Users\Mauro\AppData\Local\GitHubDesktop\bin;C:\msys64\ucrt64\bin;C:\msys64;C:\Users\Mauro\go\bin;C:\Users\Mauro\AppData\Local\Programs\MiKTeX\miktex\bin\x64\;C:\Program Files\Java\jre6\bin
USERNAME=Mauro
OS=Windows_NT
PROCESSOR_IDENTIFIER=Intel64 Family 6 Model 154 Stepping 4, GenuineIntel



---------------  S Y S T E M  ---------------

OS: Windows 8 , 64 bit Build 9200 

CPU:total 12 (6 cores per cpu, 2 threads per core) family 6 model 154 stepping 4, cmov, cx8, fxsr, mmx, sse, sse2, sse3, ssse3, sse4.1, sse4.2, popcnt, ht

Memory: 4k page, physical 16440692k(7765016k free), swap 18931060k(6613416k free)

vm_info: Java HotSpot(TM) 64-Bit Server VM (20.45-b01) for windows-amd64 JRE (1.6.0_45-b06), built on Apr  1 2013 12:31:37 by "java_re" with MS VC++ 8.0 (VS2005)

time: Sun Jan 26 19:16:26 2025
elapsed time: 0 seconds

